2015-06-14 23:27:51,578 - [INFO] - from play in pool-4-thread-5 
Listening for HTTP on /0:0:0:0:0:0:0:0:9000

2015-06-14 23:28:27,751 - [INFO] - from play in play-internal-execution-context-1 
Application started (Dev)

2015-06-14 23:28:29,800 - [ERROR] - from application in play-akka.actor.default-dispatcher-4 


! @6mf0j4d6j - Internal server error, for (GET) [/dispatcher?action=getEvents&from=1133942949&to=1435998988] ->

play.api.Application$$anon$1: Execution exception[[NumberFormatException: For input string: ""]]
	at play.api.Application$class.handleError(Application.scala:296) ~[play_2.11-2.3.2.jar:2.3.2]
	at play.api.DefaultApplication.handleError(Application.scala:402) [play_2.11-2.3.2.jar:2.3.2]
	at play.core.server.netty.PlayDefaultUpstreamHandler$$anonfun$14$$anonfun$apply$1.applyOrElse(PlayDefaultUpstreamHandler.scala:205) [play_2.11-2.3.2.jar:2.3.2]
	at play.core.server.netty.PlayDefaultUpstreamHandler$$anonfun$14$$anonfun$apply$1.applyOrElse(PlayDefaultUpstreamHandler.scala:202) [play_2.11-2.3.2.jar:2.3.2]
	at scala.runtime.AbstractPartialFunction.apply(AbstractPartialFunction.scala:36) [scala-library-2.11.1.jar:na]
	at scala.util.Failure$$anonfun$recover$1.apply(Try.scala:215) [scala-library-2.11.1.jar:na]
	at scala.util.Try$.apply(Try.scala:191) [scala-library-2.11.1.jar:na]
	at scala.util.Failure.recover(Try.scala:215) [scala-library-2.11.1.jar:na]
	at scala.concurrent.Future$$anonfun$recover$1.apply(Future.scala:324) [scala-library-2.11.1.jar:na]
	at scala.concurrent.Future$$anonfun$recover$1.apply(Future.scala:324) [scala-library-2.11.1.jar:na]
	at scala.concurrent.impl.CallbackRunnable.run(Promise.scala:32) [scala-library-2.11.1.jar:na]
	at play.api.libs.iteratee.Execution$trampoline$.execute(Execution.scala:46) [play-iteratees_2.11-2.3.2.jar:2.3.2]
	at scala.concurrent.impl.CallbackRunnable.executeWithValue(Promise.scala:40) [scala-library-2.11.1.jar:na]
	at scala.concurrent.impl.Promise$DefaultPromise.tryComplete(Promise.scala:248) [scala-library-2.11.1.jar:na]
	at scala.concurrent.Promise$class.complete(Promise.scala:55) [scala-library-2.11.1.jar:na]
	at scala.concurrent.impl.Promise$DefaultPromise.complete(Promise.scala:153) [scala-library-2.11.1.jar:na]
	at scala.concurrent.impl.Future$PromiseCompletingRunnable.run(Future.scala:23) [scala-library-2.11.1.jar:na]
	at akka.dispatch.TaskInvocation.run(AbstractDispatcher.scala:41) [akka-actor_2.11-2.3.4.jar:na]
	at akka.dispatch.ForkJoinExecutorConfigurator$AkkaForkJoinTask.exec(AbstractDispatcher.scala:393) [akka-actor_2.11-2.3.4.jar:na]
	at scala.concurrent.forkjoin.ForkJoinTask.doExec(ForkJoinTask.java:260) [scala-library-2.11.1.jar:na]
	at scala.concurrent.forkjoin.ForkJoinPool$WorkQueue.runTask(ForkJoinPool.java:1339) [scala-library-2.11.1.jar:na]
	at scala.concurrent.forkjoin.ForkJoinPool.runWorker(ForkJoinPool.java:1979) [scala-library-2.11.1.jar:na]
	at scala.concurrent.forkjoin.ForkJoinWorkerThread.run(ForkJoinWorkerThread.java:107) [scala-library-2.11.1.jar:na]
Caused by: java.lang.NumberFormatException: For input string: ""
	at java.lang.NumberFormatException.forInputString(NumberFormatException.java:65) ~[na:1.8.0_45]
	at java.lang.Long.parseLong(Long.java:601) ~[na:1.8.0_45]
	at java.lang.Long.parseLong(Long.java:631) ~[na:1.8.0_45]
	at scala.collection.immutable.StringLike$class.toLong(StringLike.scala:245) ~[scala-library-2.11.1.jar:na]
	at scala.collection.immutable.StringOps.toLong(StringOps.scala:30) ~[scala-library-2.11.1.jar:na]
	at controllers.event.EventController$class.getEvents(EventController.scala:71) ~[classes/:na]
	at controllers.Application$.getEvents(Application.scala:9) ~[classes/:na]
	at controllers.event.EventController$$anonfun$dispatcher$1.apply(EventController.scala:49) ~[classes/:na]
	at controllers.event.EventController$$anonfun$dispatcher$1.apply(EventController.scala:46) ~[classes/:na]
	at play.api.mvc.ActionBuilder$$anonfun$apply$16.apply(Action.scala:433) ~[play_2.11-2.3.2.jar:2.3.2]
	at play.api.mvc.ActionBuilder$$anonfun$apply$16.apply(Action.scala:432) ~[play_2.11-2.3.2.jar:2.3.2]
	at play.api.mvc.Action$.invokeBlock(Action.scala:556) ~[play_2.11-2.3.2.jar:2.3.2]
	at play.api.mvc.Action$.invokeBlock(Action.scala:555) ~[play_2.11-2.3.2.jar:2.3.2]
	at play.api.mvc.ActionBuilder$$anon$1.apply(Action.scala:518) ~[play_2.11-2.3.2.jar:2.3.2]
	at play.api.mvc.Action$$anonfun$apply$1$$anonfun$apply$4$$anonfun$apply$5.apply(Action.scala:130) ~[play_2.11-2.3.2.jar:2.3.2]
	at play.api.mvc.Action$$anonfun$apply$1$$anonfun$apply$4$$anonfun$apply$5.apply(Action.scala:130) ~[play_2.11-2.3.2.jar:2.3.2]
	at play.utils.Threads$.withContextClassLoader(Threads.scala:21) ~[play_2.11-2.3.2.jar:2.3.2]
	at play.api.mvc.Action$$anonfun$apply$1$$anonfun$apply$4.apply(Action.scala:129) ~[play_2.11-2.3.2.jar:2.3.2]
	at play.api.mvc.Action$$anonfun$apply$1$$anonfun$apply$4.apply(Action.scala:128) ~[play_2.11-2.3.2.jar:2.3.2]
	at scala.Option.map(Option.scala:145) ~[scala-library-2.11.1.jar:na]
	at play.api.mvc.Action$$anonfun$apply$1.apply(Action.scala:128) ~[play_2.11-2.3.2.jar:2.3.2]
	at play.api.mvc.Action$$anonfun$apply$1.apply(Action.scala:121) ~[play_2.11-2.3.2.jar:2.3.2]
	at play.api.libs.iteratee.DoneIteratee$$anonfun$mapM$2.apply(Iteratee.scala:705) ~[play-iteratees_2.11-2.3.2.jar:2.3.2]
	at play.api.libs.iteratee.DoneIteratee$$anonfun$mapM$2.apply(Iteratee.scala:705) ~[play-iteratees_2.11-2.3.2.jar:2.3.2]
	at scala.concurrent.impl.Future$PromiseCompletingRunnable.liftedTree1$1(Future.scala:24) [scala-library-2.11.1.jar:na]
	at scala.concurrent.impl.Future$PromiseCompletingRunnable.run(Future.scala:24) [scala-library-2.11.1.jar:na]
	... 6 common frames omitted

